<?xml version="1.0" encoding="UTF-8"?>
<coverage generated="1548782743830" clover="3.2.0">
  <project timestamp="1548782743830" name="All files">
    <metrics statements="59" coveredstatements="11" conditionals="8" coveredconditionals="2" methods="29" coveredmethods="6" elements="96" coveredelements="19" complexity="0" loc="59" ncloc="59" packages="8" files="13" classes="13">
      <package name="src">
        <metrics statements="23" coveredstatements="0" conditionals="2" coveredconditionals="0" methods="14" coveredmethods="0"/>
        <file name="index.js" path="/Applications/XAMPP/xamppfiles/htdocs/aime/blueprint/src/index.js">
          <metrics statements="23" coveredstatements="0" conditionals="2" coveredconditionals="0" methods="14" coveredmethods="0"/>
          <line num="1" count="0" type="stmt"/>
          <line num="2" count="0" type="stmt"/>
          <line num="3" count="0" type="stmt"/>
          <line num="5" count="0" type="stmt"/>
          <line num="6" count="0" type="stmt"/>
          <line num="21" count="0" type="stmt"/>
          <line num="22" count="0" type="cond" truecount="0" falsecount="2"/>
          <line num="23" count="0" type="stmt"/>
          <line num="27" count="0" type="stmt"/>
          <line num="28" count="0" type="stmt"/>
          <line num="37" count="0" type="stmt"/>
          <line num="39" count="0" type="stmt"/>
          <line num="48" count="0" type="stmt"/>
          <line num="56" count="0" type="stmt"/>
          <line num="64" count="0" type="stmt"/>
          <line num="72" count="0" type="stmt"/>
          <line num="82" count="0" type="stmt"/>
          <line num="89" count="0" type="stmt"/>
          <line num="98" count="0" type="stmt"/>
          <line num="99" count="0" type="stmt"/>
          <line num="104" count="0" type="stmt"/>
          <line num="115" count="0" type="stmt"/>
          <line num="125" count="0" type="stmt"/>
        </file>
      </package>
      <package name="src.lib">
        <metrics statements="2" coveredstatements="0" conditionals="0" coveredconditionals="0" methods="0" coveredmethods="0"/>
        <file name="index.js" path="/Applications/XAMPP/xamppfiles/htdocs/aime/blueprint/src/lib/index.js">
          <metrics statements="2" coveredstatements="0" conditionals="0" coveredconditionals="0" methods="0" coveredmethods="0"/>
          <line num="1" count="0" type="stmt"/>
          <line num="2" count="0" type="stmt"/>
        </file>
      </package>
      <package name="src.lib.components">
        <metrics statements="5" coveredstatements="0" conditionals="0" coveredconditionals="0" methods="0" coveredmethods="0"/>
        <file name="index.js" path="/Applications/XAMPP/xamppfiles/htdocs/aime/blueprint/src/lib/components/index.js">
          <metrics statements="5" coveredstatements="0" conditionals="0" coveredconditionals="0" methods="0" coveredmethods="0"/>
          <line num="1" count="0" type="stmt"/>
          <line num="2" count="0" type="stmt"/>
          <line num="3" count="0" type="stmt"/>
          <line num="4" count="0" type="stmt"/>
          <line num="5" count="0" type="stmt"/>
        </file>
      </package>
      <package name="src.lib.components.button">
        <metrics statements="3" coveredstatements="2" conditionals="0" coveredconditionals="0" methods="2" coveredmethods="1"/>
        <file name="button.js" path="/Applications/XAMPP/xamppfiles/htdocs/aime/blueprint/src/lib/components/button/button.js">
          <metrics statements="2" coveredstatements="2" conditionals="0" coveredconditionals="0" methods="2" coveredmethods="1"/>
          <line num="27" count="1" type="stmt"/>
          <line num="28" count="1" type="stmt"/>
        </file>
        <file name="index.js" path="/Applications/XAMPP/xamppfiles/htdocs/aime/blueprint/src/lib/components/button/index.js">
          <metrics statements="1" coveredstatements="0" conditionals="0" coveredconditionals="0" methods="0" coveredmethods="0"/>
          <line num="1" count="0" type="stmt"/>
        </file>
      </package>
      <package name="src.lib.components.checkbox">
        <metrics statements="6" coveredstatements="2" conditionals="0" coveredconditionals="0" methods="3" coveredmethods="1"/>
        <file name="checkbox.js" path="/Applications/XAMPP/xamppfiles/htdocs/aime/blueprint/src/lib/components/checkbox/checkbox.js">
          <metrics statements="5" coveredstatements="2" conditionals="0" coveredconditionals="0" methods="3" coveredmethods="1"/>
          <line num="24" count="0" type="stmt"/>
          <line num="25" count="0" type="stmt"/>
          <line num="26" count="0" type="stmt"/>
          <line num="30" count="1" type="stmt"/>
          <line num="32" count="1" type="stmt"/>
        </file>
        <file name="index.js" path="/Applications/XAMPP/xamppfiles/htdocs/aime/blueprint/src/lib/components/checkbox/index.js">
          <metrics statements="1" coveredstatements="0" conditionals="0" coveredconditionals="0" methods="0" coveredmethods="0"/>
          <line num="1" count="0" type="stmt"/>
        </file>
      </package>
      <package name="src.lib.components.input">
        <metrics statements="7" coveredstatements="3" conditionals="4" coveredconditionals="1" methods="4" coveredmethods="2"/>
        <file name="index.js" path="/Applications/XAMPP/xamppfiles/htdocs/aime/blueprint/src/lib/components/input/index.js">
          <metrics statements="1" coveredstatements="0" conditionals="0" coveredconditionals="0" methods="0" coveredmethods="0"/>
          <line num="1" count="0" type="stmt"/>
        </file>
        <file name="input.js" path="/Applications/XAMPP/xamppfiles/htdocs/aime/blueprint/src/lib/components/input/input.js">
          <metrics statements="6" coveredstatements="3" conditionals="4" coveredconditionals="1" methods="4" coveredmethods="2"/>
          <line num="29" count="1" type="stmt"/>
          <line num="30" count="0" type="stmt"/>
          <line num="31" count="0" type="cond" truecount="0" falsecount="2"/>
          <line num="32" count="0" type="stmt"/>
          <line num="45" count="1" type="stmt"/>
          <line num="46" count="1" type="stmt"/>
        </file>
      </package>
      <package name="src.lib.components.select">
        <metrics statements="9" coveredstatements="2" conditionals="0" coveredconditionals="0" methods="3" coveredmethods="1"/>
        <file name="index.js" path="/Applications/XAMPP/xamppfiles/htdocs/aime/blueprint/src/lib/components/select/index.js">
          <metrics statements="6" coveredstatements="0" conditionals="0" coveredconditionals="0" methods="0" coveredmethods="0"/>
          <line num="3" count="0" type="stmt"/>
          <line num="5" count="0" type="stmt"/>
          <line num="8" count="0" type="stmt"/>
          <line num="10" count="0" type="stmt"/>
          <line num="12" count="0" type="stmt"/>
          <line num="13" count="0" type="stmt"/>
        </file>
        <file name="select.js" path="/Applications/XAMPP/xamppfiles/htdocs/aime/blueprint/src/lib/components/select/select.js">
          <metrics statements="3" coveredstatements="2" conditionals="0" coveredconditionals="0" methods="3" coveredmethods="1"/>
          <line num="27" count="0" type="stmt"/>
          <line num="31" count="1" type="stmt"/>
          <line num="32" count="1" type="stmt"/>
        </file>
      </package>
      <package name="src.lib.components.textbox">
        <metrics statements="4" coveredstatements="2" conditionals="2" coveredconditionals="1" methods="3" coveredmethods="1"/>
        <file name="index.js" path="/Applications/XAMPP/xamppfiles/htdocs/aime/blueprint/src/lib/components/textbox/index.js">
          <metrics statements="1" coveredstatements="0" conditionals="0" coveredconditionals="0" methods="0" coveredmethods="0"/>
          <line num="1" count="0" type="stmt"/>
        </file>
        <file name="textbox.js" path="/Applications/XAMPP/xamppfiles/htdocs/aime/blueprint/src/lib/components/textbox/textbox.js">
          <metrics statements="3" coveredstatements="2" conditionals="2" coveredconditionals="1" methods="3" coveredmethods="1"/>
          <line num="26" count="0" type="stmt"/>
          <line num="30" count="1" type="stmt"/>
          <line num="32" count="1" type="stmt"/>
        </file>
      </package>
    </metrics>
  </project>
</coverage>
