{"total": {"lines":{"total":295,"covered":129,"skipped":0,"pct":43.73},"statements":{"total":312,"covered":132,"skipped":0,"pct":42.31},"functions":{"total":128,"covered":31,"skipped":0,"pct":24.22},"branches":{"total":173,"covered":34,"skipped":0,"pct":19.65}}
,"/Applications/XAMPP/xamppfiles/htdocs/aime/blueprint/src/index.js": {"lines":{"total":38,"covered":0,"skipped":0,"pct":0},"functions":{"total":22,"covered":0,"skipped":0,"pct":0},"statements":{"total":39,"covered":0,"skipped":0,"pct":0},"branches":{"total":2,"covered":0,"skipped":0,"pct":0}}
,"/Applications/XAMPP/xamppfiles/htdocs/aime/blueprint/src/lib/index.js": {"lines":{"total":0,"covered":0,"skipped":0,"pct":100},"functions":{"total":0,"covered":0,"skipped":0,"pct":100},"statements":{"total":0,"covered":0,"skipped":0,"pct":100},"branches":{"total":0,"covered":0,"skipped":0,"pct":100}}
,"/Applications/XAMPP/xamppfiles/htdocs/aime/blueprint/src/lib/components/index.js": {"lines":{"total":0,"covered":0,"skipped":0,"pct":100},"functions":{"total":0,"covered":0,"skipped":0,"pct":100},"statements":{"total":0,"covered":0,"skipped":0,"pct":100},"branches":{"total":0,"covered":0,"skipped":0,"pct":100}}
,"/Applications/XAMPP/xamppfiles/htdocs/aime/blueprint/src/lib/components/avatar/avatar.js": {"lines":{"total":6,"covered":6,"skipped":0,"pct":100},"functions":{"total":2,"covered":2,"skipped":0,"pct":100},"statements":{"total":6,"covered":6,"skipped":0,"pct":100},"branches":{"total":7,"covered":6,"skipped":0,"pct":85.71}}
,"/Applications/XAMPP/xamppfiles/htdocs/aime/blueprint/src/lib/components/avatar/index.js": {"lines":{"total":0,"covered":0,"skipped":0,"pct":100},"functions":{"total":0,"covered":0,"skipped":0,"pct":100},"statements":{"total":0,"covered":0,"skipped":0,"pct":100},"branches":{"total":0,"covered":0,"skipped":0,"pct":100}}
,"/Applications/XAMPP/xamppfiles/htdocs/aime/blueprint/src/lib/components/button/button.js": {"lines":{"total":4,"covered":4,"skipped":0,"pct":100},"functions":{"total":2,"covered":1,"skipped":0,"pct":50},"statements":{"total":4,"covered":4,"skipped":0,"pct":100},"branches":{"total":6,"covered":5,"skipped":0,"pct":83.33}}
,"/Applications/XAMPP/xamppfiles/htdocs/aime/blueprint/src/lib/components/button/index.js": {"lines":{"total":0,"covered":0,"skipped":0,"pct":100},"functions":{"total":0,"covered":0,"skipped":0,"pct":100},"statements":{"total":0,"covered":0,"skipped":0,"pct":100},"branches":{"total":0,"covered":0,"skipped":0,"pct":100}}
,"/Applications/XAMPP/xamppfiles/htdocs/aime/blueprint/src/lib/components/checkbox/checkbox.js": {"lines":{"total":9,"covered":5,"skipped":0,"pct":55.56},"functions":{"total":3,"covered":1,"skipped":0,"pct":33.33},"statements":{"total":9,"covered":5,"skipped":0,"pct":55.56},"branches":{"total":2,"covered":1,"skipped":0,"pct":50}}
,"/Applications/XAMPP/xamppfiles/htdocs/aime/blueprint/src/lib/components/checkbox/index.js": {"lines":{"total":0,"covered":0,"skipped":0,"pct":100},"functions":{"total":0,"covered":0,"skipped":0,"pct":100},"statements":{"total":0,"covered":0,"skipped":0,"pct":100},"branches":{"total":0,"covered":0,"skipped":0,"pct":100}}
,"/Applications/XAMPP/xamppfiles/htdocs/aime/blueprint/src/lib/components/countrySelector/countryCollection.ignore.js": {"lines":{"total":0,"covered":0,"skipped":0,"pct":100},"functions":{"total":0,"covered":0,"skipped":0,"pct":100},"statements":{"total":0,"covered":0,"skipped":0,"pct":100},"branches":{"total":0,"covered":0,"skipped":0,"pct":100}}
,"/Applications/XAMPP/xamppfiles/htdocs/aime/blueprint/src/lib/components/countrySelector/countrySelector.js": {"lines":{"total":17,"covered":12,"skipped":0,"pct":70.59},"functions":{"total":7,"covered":3,"skipped":0,"pct":42.86},"statements":{"total":19,"covered":13,"skipped":0,"pct":68.42},"branches":{"total":8,"covered":2,"skipped":0,"pct":25}}
,"/Applications/XAMPP/xamppfiles/htdocs/aime/blueprint/src/lib/components/countrySelector/index.js": {"lines":{"total":0,"covered":0,"skipped":0,"pct":100},"functions":{"total":0,"covered":0,"skipped":0,"pct":100},"statements":{"total":0,"covered":0,"skipped":0,"pct":100},"branches":{"total":0,"covered":0,"skipped":0,"pct":100}}
,"/Applications/XAMPP/xamppfiles/htdocs/aime/blueprint/src/lib/components/input/index.js": {"lines":{"total":0,"covered":0,"skipped":0,"pct":100},"functions":{"total":0,"covered":0,"skipped":0,"pct":100},"statements":{"total":0,"covered":0,"skipped":0,"pct":100},"branches":{"total":0,"covered":0,"skipped":0,"pct":100}}
,"/Applications/XAMPP/xamppfiles/htdocs/aime/blueprint/src/lib/components/input/input.js": {"lines":{"total":10,"covered":5,"skipped":0,"pct":50},"functions":{"total":4,"covered":2,"skipped":0,"pct":50},"statements":{"total":11,"covered":6,"skipped":0,"pct":54.55},"branches":{"total":6,"covered":2,"skipped":0,"pct":33.33}}
,"/Applications/XAMPP/xamppfiles/htdocs/aime/blueprint/src/lib/components/loading/index.js": {"lines":{"total":0,"covered":0,"skipped":0,"pct":100},"functions":{"total":0,"covered":0,"skipped":0,"pct":100},"statements":{"total":0,"covered":0,"skipped":0,"pct":100},"branches":{"total":0,"covered":0,"skipped":0,"pct":100}}
,"/Applications/XAMPP/xamppfiles/htdocs/aime/blueprint/src/lib/components/loading/loading.js": {"lines":{"total":6,"covered":6,"skipped":0,"pct":100},"functions":{"total":1,"covered":1,"skipped":0,"pct":100},"statements":{"total":6,"covered":6,"skipped":0,"pct":100},"branches":{"total":2,"covered":2,"skipped":0,"pct":100}}
,"/Applications/XAMPP/xamppfiles/htdocs/aime/blueprint/src/lib/components/phoneInput/index.js": {"lines":{"total":0,"covered":0,"skipped":0,"pct":100},"functions":{"total":0,"covered":0,"skipped":0,"pct":100},"statements":{"total":0,"covered":0,"skipped":0,"pct":100},"branches":{"total":0,"covered":0,"skipped":0,"pct":100}}
,"/Applications/XAMPP/xamppfiles/htdocs/aime/blueprint/src/lib/components/phoneInput/phoneInput.js": {"lines":{"total":9,"covered":7,"skipped":0,"pct":77.78},"functions":{"total":5,"covered":2,"skipped":0,"pct":40},"statements":{"total":9,"covered":7,"skipped":0,"pct":77.78},"branches":{"total":0,"covered":0,"skipped":0,"pct":100}}
,"/Applications/XAMPP/xamppfiles/htdocs/aime/blueprint/src/lib/components/radioButton/index.js": {"lines":{"total":0,"covered":0,"skipped":0,"pct":100},"functions":{"total":0,"covered":0,"skipped":0,"pct":100},"statements":{"total":0,"covered":0,"skipped":0,"pct":100},"branches":{"total":0,"covered":0,"skipped":0,"pct":100}}
,"/Applications/XAMPP/xamppfiles/htdocs/aime/blueprint/src/lib/components/radioButton/radioButton.js": {"lines":{"total":9,"covered":7,"skipped":0,"pct":77.78},"functions":{"total":4,"covered":2,"skipped":0,"pct":50},"statements":{"total":9,"covered":7,"skipped":0,"pct":77.78},"branches":{"total":0,"covered":0,"skipped":0,"pct":100}}
,"/Applications/XAMPP/xamppfiles/htdocs/aime/blueprint/src/lib/components/select/index.js": {"lines":{"total":0,"covered":0,"skipped":0,"pct":100},"functions":{"total":0,"covered":0,"skipped":0,"pct":100},"statements":{"total":0,"covered":0,"skipped":0,"pct":100},"branches":{"total":0,"covered":0,"skipped":0,"pct":100}}
,"/Applications/XAMPP/xamppfiles/htdocs/aime/blueprint/src/lib/components/select/select.js": {"lines":{"total":24,"covered":13,"skipped":0,"pct":54.17},"functions":{"total":11,"covered":4,"skipped":0,"pct":36.36},"statements":{"total":26,"covered":13,"skipped":0,"pct":50},"branches":{"total":24,"covered":8,"skipped":0,"pct":33.33}}
,"/Applications/XAMPP/xamppfiles/htdocs/aime/blueprint/src/lib/components/select/selectProps.ignore.js": {"lines":{"total":2,"covered":2,"skipped":0,"pct":100},"functions":{"total":1,"covered":0,"skipped":0,"pct":0},"statements":{"total":2,"covered":2,"skipped":0,"pct":100},"branches":{"total":0,"covered":0,"skipped":0,"pct":100}}
,"/Applications/XAMPP/xamppfiles/htdocs/aime/blueprint/src/lib/components/sideTrack/index.js": {"lines":{"total":0,"covered":0,"skipped":0,"pct":100},"functions":{"total":0,"covered":0,"skipped":0,"pct":100},"statements":{"total":0,"covered":0,"skipped":0,"pct":100},"branches":{"total":0,"covered":0,"skipped":0,"pct":100}}
,"/Applications/XAMPP/xamppfiles/htdocs/aime/blueprint/src/lib/components/sideTrack/sideTrack.js": {"lines":{"total":4,"covered":4,"skipped":0,"pct":100},"functions":{"total":1,"covered":1,"skipped":0,"pct":100},"statements":{"total":4,"covered":4,"skipped":0,"pct":100},"branches":{"total":0,"covered":0,"skipped":0,"pct":100}}
,"/Applications/XAMPP/xamppfiles/htdocs/aime/blueprint/src/lib/components/textbox/index.js": {"lines":{"total":0,"covered":0,"skipped":0,"pct":100},"functions":{"total":0,"covered":0,"skipped":0,"pct":100},"statements":{"total":0,"covered":0,"skipped":0,"pct":100},"branches":{"total":0,"covered":0,"skipped":0,"pct":100}}
,"/Applications/XAMPP/xamppfiles/htdocs/aime/blueprint/src/lib/components/textbox/textbox.js": {"lines":{"total":9,"covered":5,"skipped":0,"pct":55.56},"functions":{"total":3,"covered":1,"skipped":0,"pct":33.33},"statements":{"total":9,"covered":5,"skipped":0,"pct":55.56},"branches":{"total":4,"covered":2,"skipped":0,"pct":50}}
,"/Applications/XAMPP/xamppfiles/htdocs/aime/blueprint/src/lib/components/title/index.js": {"lines":{"total":0,"covered":0,"skipped":0,"pct":100},"functions":{"total":0,"covered":0,"skipped":0,"pct":100},"statements":{"total":0,"covered":0,"skipped":0,"pct":100},"branches":{"total":0,"covered":0,"skipped":0,"pct":100}}
,"/Applications/XAMPP/xamppfiles/htdocs/aime/blueprint/src/lib/components/title/title.js": {"lines":{"total":6,"covered":6,"skipped":0,"pct":100},"functions":{"total":1,"covered":1,"skipped":0,"pct":100},"statements":{"total":6,"covered":6,"skipped":0,"pct":100},"branches":{"total":0,"covered":0,"skipped":0,"pct":100}}
,"/Applications/XAMPP/xamppfiles/htdocs/aime/blueprint/src/lib/components/videoPlayer/index.js": {"lines":{"total":0,"covered":0,"skipped":0,"pct":100},"functions":{"total":0,"covered":0,"skipped":0,"pct":100},"statements":{"total":0,"covered":0,"skipped":0,"pct":100},"branches":{"total":0,"covered":0,"skipped":0,"pct":100}}
,"/Applications/XAMPP/xamppfiles/htdocs/aime/blueprint/src/lib/components/videoPlayer/videoPlayer.js": {"lines":{"total":4,"covered":4,"skipped":0,"pct":100},"functions":{"total":1,"covered":1,"skipped":0,"pct":100},"statements":{"total":4,"covered":4,"skipped":0,"pct":100},"branches":{"total":0,"covered":0,"skipped":0,"pct":100}}
,"/Applications/XAMPP/xamppfiles/htdocs/aime/blueprint/src/lib/components/videoPlayer/videoPlayerProps.ignore.js": {"lines":{"total":2,"covered":2,"skipped":0,"pct":100},"functions":{"total":12,"covered":0,"skipped":0,"pct":0},"statements":{"total":2,"covered":2,"skipped":0,"pct":100},"branches":{"total":0,"covered":0,"skipped":0,"pct":100}}
,"/Applications/XAMPP/xamppfiles/htdocs/aime/blueprint/src/lib/components/warningBlock/index.js": {"lines":{"total":0,"covered":0,"skipped":0,"pct":100},"functions":{"total":0,"covered":0,"skipped":0,"pct":100},"statements":{"total":0,"covered":0,"skipped":0,"pct":100},"branches":{"total":0,"covered":0,"skipped":0,"pct":100}}
,"/Applications/XAMPP/xamppfiles/htdocs/aime/blueprint/src/lib/components/warningBlock/warningBlock.js": {"lines":{"total":4,"covered":4,"skipped":0,"pct":100},"functions":{"total":1,"covered":1,"skipped":0,"pct":100},"statements":{"total":4,"covered":4,"skipped":0,"pct":100},"branches":{"total":0,"covered":0,"skipped":0,"pct":100}}
,"/Applications/XAMPP/xamppfiles/htdocs/aime/blueprint/src/lib/utils/componentPropTypes.ignore.js": {"lines":{"total":2,"covered":0,"skipped":0,"pct":0},"functions":{"total":0,"covered":0,"skipped":0,"pct":100},"statements":{"total":2,"covered":0,"skipped":0,"pct":0},"branches":{"total":0,"covered":0,"skipped":0,"pct":100}}
,"/Applications/XAMPP/xamppfiles/htdocs/aime/blueprint/src/lib/utils/componentPropTypes.js": {"lines":{"total":2,"covered":2,"skipped":0,"pct":100},"functions":{"total":0,"covered":0,"skipped":0,"pct":100},"statements":{"total":2,"covered":2,"skipped":0,"pct":100},"branches":{"total":0,"covered":0,"skipped":0,"pct":100}}
,"/Applications/XAMPP/xamppfiles/htdocs/aime/blueprint/src/lib/utils/helpers.js": {"lines":{"total":1,"covered":0,"skipped":0,"pct":0},"functions":{"total":1,"covered":0,"skipped":0,"pct":0},"statements":{"total":1,"covered":0,"skipped":0,"pct":0},"branches":{"total":4,"covered":0,"skipped":0,"pct":0}}
,"/Applications/XAMPP/xamppfiles/htdocs/aime/blueprint/src/lib/utils/index.js": {"lines":{"total":0,"covered":0,"skipped":0,"pct":100},"functions":{"total":0,"covered":0,"skipped":0,"pct":100},"statements":{"total":0,"covered":0,"skipped":0,"pct":100},"branches":{"total":0,"covered":0,"skipped":0,"pct":100}}
,"/Applications/XAMPP/xamppfiles/htdocs/aime/blueprint/src/lib/utils/airtableLoader/airtableLoader.js": {"lines":{"total":34,"covered":0,"skipped":0,"pct":0},"functions":{"total":14,"covered":0,"skipped":0,"pct":0},"statements":{"total":36,"covered":0,"skipped":0,"pct":0},"branches":{"total":18,"covered":0,"skipped":0,"pct":0}}
,"/Applications/XAMPP/xamppfiles/htdocs/aime/blueprint/src/lib/utils/airtableLoader/index.js": {"lines":{"total":0,"covered":0,"skipped":0,"pct":100},"functions":{"total":0,"covered":0,"skipped":0,"pct":100},"statements":{"total":0,"covered":0,"skipped":0,"pct":100},"branches":{"total":0,"covered":0,"skipped":0,"pct":100}}
,"/Applications/XAMPP/xamppfiles/htdocs/aime/blueprint/src/lib/utils/bugsnag/bugsnag.js": {"lines":{"total":6,"covered":0,"skipped":0,"pct":0},"functions":{"total":1,"covered":0,"skipped":0,"pct":0},"statements":{"total":6,"covered":0,"skipped":0,"pct":0},"branches":{"total":2,"covered":0,"skipped":0,"pct":0}}
,"/Applications/XAMPP/xamppfiles/htdocs/aime/blueprint/src/lib/utils/bugsnag/index.js": {"lines":{"total":0,"covered":0,"skipped":0,"pct":100},"functions":{"total":0,"covered":0,"skipped":0,"pct":100},"statements":{"total":0,"covered":0,"skipped":0,"pct":100},"branches":{"total":0,"covered":0,"skipped":0,"pct":100}}
,"/Applications/XAMPP/xamppfiles/htdocs/aime/blueprint/src/lib/utils/hocs/index.js": {"lines":{"total":0,"covered":0,"skipped":0,"pct":100},"functions":{"total":0,"covered":0,"skipped":0,"pct":100},"statements":{"total":0,"covered":0,"skipped":0,"pct":100},"branches":{"total":0,"covered":0,"skipped":0,"pct":100}}
,"/Applications/XAMPP/xamppfiles/htdocs/aime/blueprint/src/lib/utils/hocs/withValidation.js": {"lines":{"total":18,"covered":13,"skipped":0,"pct":72.22},"functions":{"total":8,"covered":6,"skipped":0,"pct":75},"statements":{"total":20,"covered":14,"skipped":0,"pct":70},"branches":{"total":11,"covered":2,"skipped":0,"pct":18.18}}
,"/Applications/XAMPP/xamppfiles/htdocs/aime/blueprint/src/lib/utils/localStorage/index.js": {"lines":{"total":0,"covered":0,"skipped":0,"pct":100},"functions":{"total":0,"covered":0,"skipped":0,"pct":100},"statements":{"total":0,"covered":0,"skipped":0,"pct":100},"branches":{"total":0,"covered":0,"skipped":0,"pct":100}}
,"/Applications/XAMPP/xamppfiles/htdocs/aime/blueprint/src/lib/utils/localStorage/localStorage.js": {"lines":{"total":10,"covered":7,"skipped":0,"pct":70},"functions":{"total":2,"covered":2,"skipped":0,"pct":100},"statements":{"total":10,"covered":7,"skipped":0,"pct":70},"branches":{"total":6,"covered":4,"skipped":0,"pct":66.67}}
,"/Applications/XAMPP/xamppfiles/htdocs/aime/blueprint/src/lib/utils/request/index.js": {"lines":{"total":0,"covered":0,"skipped":0,"pct":100},"functions":{"total":0,"covered":0,"skipped":0,"pct":100},"statements":{"total":0,"covered":0,"skipped":0,"pct":100},"branches":{"total":0,"covered":0,"skipped":0,"pct":100}}
,"/Applications/XAMPP/xamppfiles/htdocs/aime/blueprint/src/lib/utils/request/request.js": {"lines":{"total":14,"covered":0,"skipped":0,"pct":0},"functions":{"total":3,"covered":0,"skipped":0,"pct":0},"statements":{"total":14,"covered":0,"skipped":0,"pct":0},"branches":{"total":12,"covered":0,"skipped":0,"pct":0}}
,"/Applications/XAMPP/xamppfiles/htdocs/aime/blueprint/src/lib/utils/validation/index.js": {"lines":{"total":0,"covered":0,"skipped":0,"pct":100},"functions":{"total":0,"covered":0,"skipped":0,"pct":100},"statements":{"total":0,"covered":0,"skipped":0,"pct":100},"branches":{"total":0,"covered":0,"skipped":0,"pct":100}}
,"/Applications/XAMPP/xamppfiles/htdocs/aime/blueprint/src/lib/utils/validation/validation.js": {"lines":{"total":45,"covered":15,"skipped":0,"pct":33.33},"functions":{"total":18,"covered":0,"skipped":0,"pct":0},"statements":{"total":52,"covered":15,"skipped":0,"pct":28.85},"branches":{"total":59,"covered":0,"skipped":0,"pct":0}}
}
