{"/Applications/XAMPP/xamppfiles/htdocs/aime/blueprint/src/index.js": {"path":"/Applications/XAMPP/xamppfiles/htdocs/aime/blueprint/src/index.js","statementMap":{"0":{"start":{"line":1,"column":0},"end":{"line":null,"column":-1}},"1":{"start":{"line":2,"column":0},"end":{"line":null,"column":-1}},"2":{"start":{"line":3,"column":0},"end":{"line":null,"column":-1}},"3":{"start":{"line":5,"column":18},"end":{"line":5,"column":0}},"4":{"start":{"line":6,"column":28},"end":{"line":null,"column":-1}},"5":{"start":{"line":21,"column":19},"end":{"line":21,"column":4}},"6":{"start":{"line":22,"column":18},"end":{"line":22,"column":4}},"7":{"start":{"line":23,"column":4},"end":{"line":null,"column":-1}},"8":{"start":{"line":27,"column":26},"end":{"line":27,"column":4}},"9":{"start":{"line":28,"column":4},"end":{"line":null,"column":-1}},"10":{"start":{"line":37,"column":22},"end":{"line":36,"column":31}},"11":{"start":{"line":39,"column":4},"end":{"line":null,"column":-1}},"12":{"start":{"line":48,"column":27},"end":{"line":45,"column":10}},"13":{"start":{"line":56,"column":27},"end":{"line":53,"column":10}},"14":{"start":{"line":64,"column":27},"end":{"line":61,"column":10}},"15":{"start":{"line":72,"column":27},"end":{"line":69,"column":10}},"16":{"start":{"line":82,"column":45},"end":{"line":79,"column":8}},"17":{"start":{"line":89,"column":4},"end":{"line":null,"column":-1}},"18":{"start":{"line":98,"column":25},"end":{"line":97,"column":34}},"19":{"start":{"line":99,"column":4},"end":{"line":null,"column":-1}},"20":{"start":{"line":104,"column":46},"end":{"line":102,"column":8}},"21":{"start":{"line":115,"column":4},"end":{"line":null,"column":-1}},"22":{"start":{"line":125,"column":0},"end":{"line":null,"column":-1}}},"fnMap":{"0":{"name":"(anonymous_3)","decl":{"start":{"line":6,"column":28},"end":{"line":null,"column":-1}},"loc":{"start":{"line":6,"column":28},"end":{"line":null,"column":-1}}},"1":{"name":"(anonymous_4)","decl":{"start":{"line":20,"column":22},"end":{"line":20,"column":23}},"loc":{"start":{"line":20,"column":44},"end":{"line":6,"column":28}}},"2":{"name":"(anonymous_5)","decl":{"start":{"line":26,"column":16},"end":{"line":26,"column":17}},"loc":{"start":{"line":26,"column":53},"end":{"line":6,"column":28}}},"3":{"name":"(anonymous_6)","decl":{"start":{"line":36,"column":25},"end":{"line":36,"column":30}},"loc":{"start":{"line":36,"column":31},"end":{"line":6,"column":28}}},"4":{"name":"(anonymous_7)","decl":{"start":{"line":48,"column":22},"end":{"line":48,"column":23}},"loc":{"start":{"line":48,"column":27},"end":{"line":45,"column":10}}},"5":{"name":"(anonymous_8)","decl":{"start":{"line":56,"column":22},"end":{"line":56,"column":23}},"loc":{"start":{"line":56,"column":27},"end":{"line":53,"column":10}}},"6":{"name":"(anonymous_9)","decl":{"start":{"line":64,"column":22},"end":{"line":64,"column":23}},"loc":{"start":{"line":64,"column":27},"end":{"line":61,"column":10}}},"7":{"name":"(anonymous_10)","decl":{"start":{"line":72,"column":22},"end":{"line":72,"column":23}},"loc":{"start":{"line":72,"column":27},"end":{"line":69,"column":10}}},"8":{"name":"(anonymous_11)","decl":{"start":{"line":82,"column":28},"end":{"line":82,"column":29}},"loc":{"start":{"line":82,"column":45},"end":{"line":79,"column":8}}},"9":{"name":"(anonymous_12)","decl":{"start":{"line":88,"column":26},"end":{"line":88,"column":31}},"loc":{"start":{"line":88,"column":32},"end":{"line":6,"column":28}}},"10":{"name":"(anonymous_13)","decl":{"start":{"line":92,"column":47},"end":{"line":92,"column":52}},"loc":{"start":{"line":92,"column":53},"end":{"line":92,"column":8}}},"11":{"name":"(anonymous_14)","decl":{"start":{"line":97,"column":28},"end":{"line":97,"column":33}},"loc":{"start":{"line":97,"column":34},"end":{"line":6,"column":28}}},"12":{"name":"(anonymous_15)","decl":{"start":{"line":104,"column":29},"end":{"line":104,"column":30}},"loc":{"start":{"line":104,"column":46},"end":{"line":102,"column":8}}},"13":{"name":"(anonymous_16)","decl":{"start":{"line":114,"column":2},"end":{"line":114,"column":7}},"loc":{"start":{"line":114,"column":11},"end":{"line":122,"column":3}}}},"branchMap":{"0":{"loc":{"start":{"line":22,"column":47},"end":{"line":22,"column":18}},"type":"cond-expr","locations":[{"start":{"line":22,"column":47},"end":{"line":22,"column":18}},{"start":{"line":22,"column":64},"end":{"line":22,"column":4}}]}},"s":{"0":0,"1":0,"2":0,"3":0,"4":0,"5":0,"6":0,"7":0,"8":0,"9":0,"10":0,"11":0,"12":0,"13":0,"14":0,"15":0,"16":0,"17":0,"18":0,"19":0,"20":0,"21":0,"22":0},"f":{"0":0,"1":0,"2":0,"3":0,"4":0,"5":0,"6":0,"7":0,"8":0,"9":0,"10":0,"11":0,"12":0,"13":0},"b":{"0":[0,0]}}
,"/Applications/XAMPP/xamppfiles/htdocs/aime/blueprint/src/lib/index.js": {"path":"/Applications/XAMPP/xamppfiles/htdocs/aime/blueprint/src/lib/index.js","statementMap":{"0":{"start":{"line":1,"column":0},"end":{"line":null,"column":-1}},"1":{"start":{"line":2,"column":0},"end":{"line":null,"column":-1}}},"fnMap":{},"branchMap":{},"s":{"0":0,"1":0},"f":{},"b":{}}
,"/Applications/XAMPP/xamppfiles/htdocs/aime/blueprint/src/lib/components/index.js": {"path":"/Applications/XAMPP/xamppfiles/htdocs/aime/blueprint/src/lib/components/index.js","statementMap":{"0":{"start":{"line":1,"column":0},"end":{"line":null,"column":-1}},"1":{"start":{"line":2,"column":0},"end":{"line":null,"column":-1}},"2":{"start":{"line":3,"column":0},"end":{"line":null,"column":-1}},"3":{"start":{"line":4,"column":0},"end":{"line":null,"column":-1}},"4":{"start":{"line":5,"column":0},"end":{"line":null,"column":-1}}},"fnMap":{},"branchMap":{},"s":{"0":0,"1":0,"2":0,"3":0,"4":0},"f":{},"b":{}}
,"/Applications/XAMPP/xamppfiles/htdocs/aime/blueprint/src/lib/components/button/button.js": {"path":"/Applications/XAMPP/xamppfiles/htdocs/aime/blueprint/src/lib/components/button/button.js","statementMap":{"0":{"start":{"line":27,"column":8},"end":{"line":27,"column":18}},"1":{"start":{"line":28,"column":4},"end":{"line":38,"column":6}}},"fnMap":{"0":{"name":"(anonymous_0)","decl":{"start":{"line":17,"column":21},"end":{"line":17,"column":22}},"loc":{"start":{"line":17,"column":27},"end":{"line":17,"column":29}},"line":17},"1":{"name":"(anonymous_1)","decl":{"start":{"line":20,"column":2},"end":{"line":20,"column":3}},"loc":{"start":{"line":20,"column":11},"end":{"line":39,"column":3}},"line":20}},"branchMap":{},"s":{"0":1,"1":1},"f":{"0":0,"1":1},"b":{},"_coverageSchema":"332fd63041d2c1bcb487cc26dd0d5f7d97098a6c","hash":"0db2c96b75596b65c7591b683dd8258ac6249d7d"}
,"/Applications/XAMPP/xamppfiles/htdocs/aime/blueprint/src/lib/components/button/index.js": {"path":"/Applications/XAMPP/xamppfiles/htdocs/aime/blueprint/src/lib/components/button/index.js","statementMap":{"0":{"start":{"line":1,"column":0},"end":{"line":null,"column":-1}}},"fnMap":{},"branchMap":{},"s":{"0":0},"f":{},"b":{}}
,"/Applications/XAMPP/xamppfiles/htdocs/aime/blueprint/src/lib/components/checkbox/checkbox.js": {"path":"/Applications/XAMPP/xamppfiles/htdocs/aime/blueprint/src/lib/components/checkbox/checkbox.js","statementMap":{"0":{"start":{"line":24,"column":4},"end":{"line":24,"column":23}},"1":{"start":{"line":25,"column":67},"end":{"line":25,"column":77}},"2":{"start":{"line":26,"column":4},"end":{"line":26,"column":56}},"3":{"start":{"line":30,"column":67},"end":{"line":30,"column":77}},"4":{"start":{"line":32,"column":4},"end":{"line":49,"column":6}}},"fnMap":{"0":{"name":"(anonymous_0)","decl":{"start":{"line":18,"column":23},"end":{"line":18,"column":24}},"loc":{"start":{"line":18,"column":29},"end":{"line":18,"column":31}},"line":18},"1":{"name":"(anonymous_1)","decl":{"start":{"line":23,"column":22},"end":{"line":23,"column":23}},"loc":{"start":{"line":23,"column":27},"end":{"line":27,"column":3}},"line":23},"2":{"name":"(anonymous_2)","decl":{"start":{"line":29,"column":2},"end":{"line":29,"column":3}},"loc":{"start":{"line":29,"column":11},"end":{"line":50,"column":3}},"line":29}},"branchMap":{},"s":{"0":0,"1":0,"2":0,"3":1,"4":1},"f":{"0":0,"1":0,"2":1},"b":{},"_coverageSchema":"332fd63041d2c1bcb487cc26dd0d5f7d97098a6c","hash":"788f8081282877f7dd14ea523f63857137f8516a"}
,"/Applications/XAMPP/xamppfiles/htdocs/aime/blueprint/src/lib/components/checkbox/index.js": {"path":"/Applications/XAMPP/xamppfiles/htdocs/aime/blueprint/src/lib/components/checkbox/index.js","statementMap":{"0":{"start":{"line":1,"column":0},"end":{"line":null,"column":-1}}},"fnMap":{},"branchMap":{},"s":{"0":0},"f":{},"b":{}}
,"/Applications/XAMPP/xamppfiles/htdocs/aime/blueprint/src/lib/components/input/index.js": {"path":"/Applications/XAMPP/xamppfiles/htdocs/aime/blueprint/src/lib/components/input/index.js","statementMap":{"0":{"start":{"line":1,"column":0},"end":{"line":null,"column":-1}}},"fnMap":{},"branchMap":{},"s":{"0":0},"f":{},"b":{}}
,"/Applications/XAMPP/xamppfiles/htdocs/aime/blueprint/src/lib/components/input/input.js": {"path":"/Applications/XAMPP/xamppfiles/htdocs/aime/blueprint/src/lib/components/input/input.js","statementMap":{"0":{"start":{"line":29,"column":25},"end":{"line":33,"column":3}},"1":{"start":{"line":30,"column":19},"end":{"line":30,"column":31}},"2":{"start":{"line":31,"column":18},"end":{"line":31,"column":76}},"3":{"start":{"line":32,"column":4},"end":{"line":32,"column":45}},"4":{"start":{"line":45,"column":8},"end":{"line":45,"column":18}},"5":{"start":{"line":46,"column":4},"end":{"line":59,"column":6}}},"fnMap":{"0":{"name":"(anonymous_0)","decl":{"start":{"line":26,"column":22},"end":{"line":26,"column":23}},"loc":{"start":{"line":26,"column":28},"end":{"line":26,"column":30}},"line":26},"1":{"name":"(anonymous_1)","decl":{"start":{"line":29,"column":17},"end":{"line":29,"column":18}},"loc":{"start":{"line":29,"column":25},"end":{"line":33,"column":3}},"line":29},"2":{"name":"(anonymous_2)","decl":{"start":{"line":29,"column":25},"end":{"line":29,"column":26}},"loc":{"start":{"line":29,"column":34},"end":{"line":33,"column":3}},"line":29},"3":{"name":"(anonymous_3)","decl":{"start":{"line":35,"column":2},"end":{"line":35,"column":3}},"loc":{"start":{"line":35,"column":11},"end":{"line":60,"column":3}},"line":35}},"branchMap":{"0":{"loc":{"start":{"line":31,"column":18},"end":{"line":31,"column":76}},"type":"cond-expr","locations":[{"start":{"line":31,"column":47},"end":{"line":31,"column":61}},{"start":{"line":31,"column":64},"end":{"line":31,"column":76}}],"line":31},"1":{"loc":{"start":{"line":56,"column":20},"end":{"line":56,"column":46}},"type":"cond-expr","locations":[{"start":{"line":56,"column":31},"end":{"line":56,"column":41}},{"start":{"line":56,"column":44},"end":{"line":56,"column":46}}],"line":56}},"s":{"0":1,"1":0,"2":0,"3":0,"4":1,"5":1},"f":{"0":0,"1":1,"2":0,"3":1},"b":{"0":[0,0],"1":[1,0]},"_coverageSchema":"332fd63041d2c1bcb487cc26dd0d5f7d97098a6c","hash":"052dd17b984bf0e250723fa5b09bf8ced32bb139"}
,"/Applications/XAMPP/xamppfiles/htdocs/aime/blueprint/src/lib/components/select/index.js": {"path":"/Applications/XAMPP/xamppfiles/htdocs/aime/blueprint/src/lib/components/select/index.js","statementMap":{"0":{"start":{"line":3,"column":29},"end":{"line":3,"column":186}},"1":{"start":{"line":5,"column":0},"end":{"line":7,"column":3}},"2":{"start":{"line":8,"column":0},"end":{"line":8,"column":25}},"3":{"start":{"line":10,"column":14},"end":{"line":10,"column":57}},"4":{"start":{"line":12,"column":15},"end":{"line":12,"column":30}},"5":{"start":{"line":13,"column":0},"end":{"line":13,"column":27}}},"fnMap":{},"branchMap":{},"s":{"0":0,"1":0,"2":0,"3":0,"4":0,"5":0},"f":{},"b":{}}
,"/Applications/XAMPP/xamppfiles/htdocs/aime/blueprint/src/lib/components/select/select.js": {"path":"/Applications/XAMPP/xamppfiles/htdocs/aime/blueprint/src/lib/components/select/select.js","statementMap":{"0":{"start":{"line":27,"column":4},"end":{"line":27,"column":65}},"1":{"start":{"line":31,"column":83},"end":{"line":31,"column":93}},"2":{"start":{"line":32,"column":4},"end":{"line":45,"column":6}}},"fnMap":{"0":{"name":"(anonymous_0)","decl":{"start":{"line":21,"column":22},"end":{"line":21,"column":23}},"loc":{"start":{"line":21,"column":28},"end":{"line":21,"column":30}},"line":21},"1":{"name":"(anonymous_1)","decl":{"start":{"line":26,"column":17},"end":{"line":26,"column":18}},"loc":{"start":{"line":26,"column":22},"end":{"line":28,"column":3}},"line":26},"2":{"name":"(anonymous_2)","decl":{"start":{"line":30,"column":2},"end":{"line":30,"column":3}},"loc":{"start":{"line":30,"column":11},"end":{"line":46,"column":3}},"line":30}},"branchMap":{},"s":{"0":0,"1":1,"2":1},"f":{"0":0,"1":0,"2":1},"b":{},"_coverageSchema":"332fd63041d2c1bcb487cc26dd0d5f7d97098a6c","hash":"f4cc7f3b7ff5b7b8d97db87dacc4e347f21f9cee"}
,"/Applications/XAMPP/xamppfiles/htdocs/aime/blueprint/src/lib/components/textbox/index.js": {"path":"/Applications/XAMPP/xamppfiles/htdocs/aime/blueprint/src/lib/components/textbox/index.js","statementMap":{"0":{"start":{"line":1,"column":0},"end":{"line":null,"column":-1}}},"fnMap":{},"branchMap":{},"s":{"0":0},"f":{},"b":{}}
,"/Applications/XAMPP/xamppfiles/htdocs/aime/blueprint/src/lib/components/textbox/textbox.js": {"path":"/Applications/XAMPP/xamppfiles/htdocs/aime/blueprint/src/lib/components/textbox/textbox.js","statementMap":{"0":{"start":{"line":26,"column":4},"end":{"line":26,"column":65}},"1":{"start":{"line":30,"column":89},"end":{"line":30,"column":99}},"2":{"start":{"line":32,"column":4},"end":{"line":43,"column":6}}},"fnMap":{"0":{"name":"(anonymous_0)","decl":{"start":{"line":21,"column":22},"end":{"line":21,"column":23}},"loc":{"start":{"line":21,"column":28},"end":{"line":21,"column":30}},"line":21},"1":{"name":"(anonymous_1)","decl":{"start":{"line":25,"column":17},"end":{"line":25,"column":18}},"loc":{"start":{"line":25,"column":22},"end":{"line":27,"column":3}},"line":25},"2":{"name":"(anonymous_2)","decl":{"start":{"line":29,"column":2},"end":{"line":29,"column":3}},"loc":{"start":{"line":29,"column":11},"end":{"line":44,"column":3}},"line":29}},"branchMap":{"0":{"loc":{"start":{"line":40,"column":20},"end":{"line":40,"column":37}},"type":"binary-expr","locations":[{"start":{"line":40,"column":20},"end":{"line":40,"column":28}},{"start":{"line":40,"column":32},"end":{"line":40,"column":37}}],"line":40}},"s":{"0":0,"1":1,"2":1},"f":{"0":0,"1":0,"2":1},"b":{"0":[1,0]},"_coverageSchema":"332fd63041d2c1bcb487cc26dd0d5f7d97098a6c","hash":"432867094373f575051800db646f2e98beb8b96f"}
}
