{"total": {"lines":{"total":281,"covered":85,"skipped":0,"pct":30.25},"statements":{"total":292,"covered":86,"skipped":0,"pct":29.45},"functions":{"total":124,"covered":31,"skipped":0,"pct":25},"branches":{"total":158,"covered":34,"skipped":0,"pct":21.52}}
,"/Users/mischacolley/Sites/AIME/blueprint/src/index.js": {"lines":{"total":29,"covered":0,"skipped":0,"pct":0},"functions":{"total":20,"covered":0,"skipped":0,"pct":0},"statements":{"total":29,"covered":0,"skipped":0,"pct":0},"branches":{"total":2,"covered":0,"skipped":0,"pct":0}}
,"/Users/mischacolley/Sites/AIME/blueprint/src/lib/index.js": {"lines":{"total":2,"covered":0,"skipped":0,"pct":0},"functions":{"total":0,"covered":0,"skipped":0,"pct":100},"statements":{"total":2,"covered":0,"skipped":0,"pct":0},"branches":{"total":0,"covered":0,"skipped":0,"pct":100}}
,"/Users/mischacolley/Sites/AIME/blueprint/src/lib/components/index.js": {"lines":{"total":14,"covered":0,"skipped":0,"pct":0},"functions":{"total":0,"covered":0,"skipped":0,"pct":100},"statements":{"total":14,"covered":0,"skipped":0,"pct":0},"branches":{"total":0,"covered":0,"skipped":0,"pct":100}}
,"/Users/mischacolley/Sites/AIME/blueprint/src/lib/components/avatar/avatar.js": {"lines":{"total":4,"covered":4,"skipped":0,"pct":100},"functions":{"total":2,"covered":2,"skipped":0,"pct":100},"statements":{"total":4,"covered":4,"skipped":0,"pct":100},"branches":{"total":7,"covered":6,"skipped":0,"pct":85.71}}
,"/Users/mischacolley/Sites/AIME/blueprint/src/lib/components/avatar/index.js": {"lines":{"total":1,"covered":0,"skipped":0,"pct":0},"functions":{"total":0,"covered":0,"skipped":0,"pct":100},"statements":{"total":1,"covered":0,"skipped":0,"pct":0},"branches":{"total":0,"covered":0,"skipped":0,"pct":100}}
,"/Users/mischacolley/Sites/AIME/blueprint/src/lib/components/button/button.js": {"lines":{"total":2,"covered":2,"skipped":0,"pct":100},"functions":{"total":2,"covered":1,"skipped":0,"pct":50},"statements":{"total":2,"covered":2,"skipped":0,"pct":100},"branches":{"total":6,"covered":5,"skipped":0,"pct":83.33}}
,"/Users/mischacolley/Sites/AIME/blueprint/src/lib/components/button/index.js": {"lines":{"total":1,"covered":0,"skipped":0,"pct":0},"functions":{"total":0,"covered":0,"skipped":0,"pct":100},"statements":{"total":1,"covered":0,"skipped":0,"pct":0},"branches":{"total":0,"covered":0,"skipped":0,"pct":100}}
,"/Users/mischacolley/Sites/AIME/blueprint/src/lib/components/checkbox/checkbox.js": {"lines":{"total":6,"covered":2,"skipped":0,"pct":33.33},"functions":{"total":3,"covered":1,"skipped":0,"pct":33.33},"statements":{"total":6,"covered":2,"skipped":0,"pct":33.33},"branches":{"total":2,"covered":1,"skipped":0,"pct":50}}
,"/Users/mischacolley/Sites/AIME/blueprint/src/lib/components/checkbox/index.js": {"lines":{"total":1,"covered":0,"skipped":0,"pct":0},"functions":{"total":0,"covered":0,"skipped":0,"pct":100},"statements":{"total":1,"covered":0,"skipped":0,"pct":0},"branches":{"total":0,"covered":0,"skipped":0,"pct":100}}
,"/Users/mischacolley/Sites/AIME/blueprint/src/lib/components/countrySelector/countryCollection.ignore.js": {"lines":{"total":0,"covered":0,"skipped":0,"pct":100},"functions":{"total":0,"covered":0,"skipped":0,"pct":100},"statements":{"total":0,"covered":0,"skipped":0,"pct":100},"branches":{"total":0,"covered":0,"skipped":0,"pct":100}}
,"/Users/mischacolley/Sites/AIME/blueprint/src/lib/components/countrySelector/countrySelector.js": {"lines":{"total":13,"covered":8,"skipped":0,"pct":61.54},"functions":{"total":7,"covered":3,"skipped":0,"pct":42.86},"statements":{"total":15,"covered":9,"skipped":0,"pct":60},"branches":{"total":8,"covered":2,"skipped":0,"pct":25}}
,"/Users/mischacolley/Sites/AIME/blueprint/src/lib/components/countrySelector/index.js": {"lines":{"total":1,"covered":0,"skipped":0,"pct":0},"functions":{"total":0,"covered":0,"skipped":0,"pct":100},"statements":{"total":1,"covered":0,"skipped":0,"pct":0},"branches":{"total":0,"covered":0,"skipped":0,"pct":100}}
,"/Users/mischacolley/Sites/AIME/blueprint/src/lib/components/input/index.js": {"lines":{"total":1,"covered":0,"skipped":0,"pct":0},"functions":{"total":0,"covered":0,"skipped":0,"pct":100},"statements":{"total":1,"covered":0,"skipped":0,"pct":0},"branches":{"total":0,"covered":0,"skipped":0,"pct":100}}
,"/Users/mischacolley/Sites/AIME/blueprint/src/lib/components/input/input.js": {"lines":{"total":8,"covered":3,"skipped":0,"pct":37.5},"functions":{"total":4,"covered":2,"skipped":0,"pct":50},"statements":{"total":8,"covered":3,"skipped":0,"pct":37.5},"branches":{"total":6,"covered":2,"skipped":0,"pct":33.33}}
,"/Users/mischacolley/Sites/AIME/blueprint/src/lib/components/loading/index.js": {"lines":{"total":1,"covered":0,"skipped":0,"pct":0},"functions":{"total":0,"covered":0,"skipped":0,"pct":100},"statements":{"total":1,"covered":0,"skipped":0,"pct":0},"branches":{"total":0,"covered":0,"skipped":0,"pct":100}}
,"/Users/mischacolley/Sites/AIME/blueprint/src/lib/components/loading/loading.js": {"lines":{"total":4,"covered":4,"skipped":0,"pct":100},"functions":{"total":1,"covered":1,"skipped":0,"pct":100},"statements":{"total":4,"covered":4,"skipped":0,"pct":100},"branches":{"total":2,"covered":2,"skipped":0,"pct":100}}
,"/Users/mischacolley/Sites/AIME/blueprint/src/lib/components/phoneInput/index.js": {"lines":{"total":1,"covered":0,"skipped":0,"pct":0},"functions":{"total":0,"covered":0,"skipped":0,"pct":100},"statements":{"total":1,"covered":0,"skipped":0,"pct":0},"branches":{"total":0,"covered":0,"skipped":0,"pct":100}}
,"/Users/mischacolley/Sites/AIME/blueprint/src/lib/components/phoneInput/phoneInput.js": {"lines":{"total":5,"covered":3,"skipped":0,"pct":60},"functions":{"total":5,"covered":2,"skipped":0,"pct":40},"statements":{"total":5,"covered":3,"skipped":0,"pct":60},"branches":{"total":0,"covered":0,"skipped":0,"pct":100}}
,"/Users/mischacolley/Sites/AIME/blueprint/src/lib/components/radioButton/index.js": {"lines":{"total":1,"covered":0,"skipped":0,"pct":0},"functions":{"total":0,"covered":0,"skipped":0,"pct":100},"statements":{"total":1,"covered":0,"skipped":0,"pct":0},"branches":{"total":0,"covered":0,"skipped":0,"pct":100}}
,"/Users/mischacolley/Sites/AIME/blueprint/src/lib/components/radioButton/radioButton.js": {"lines":{"total":5,"covered":3,"skipped":0,"pct":60},"functions":{"total":4,"covered":2,"skipped":0,"pct":50},"statements":{"total":5,"covered":3,"skipped":0,"pct":60},"branches":{"total":0,"covered":0,"skipped":0,"pct":100}}
,"/Users/mischacolley/Sites/AIME/blueprint/src/lib/components/select/index.js": {"lines":{"total":0,"covered":0,"skipped":0,"pct":100},"functions":{"total":0,"covered":0,"skipped":0,"pct":100},"statements":{"total":0,"covered":0,"skipped":0,"pct":100},"branches":{"total":0,"covered":0,"skipped":0,"pct":100}}
,"/Users/mischacolley/Sites/AIME/blueprint/src/lib/components/select/select.js": {"lines":{"total":21,"covered":10,"skipped":0,"pct":47.62},"functions":{"total":11,"covered":4,"skipped":0,"pct":36.36},"statements":{"total":23,"covered":10,"skipped":0,"pct":43.48},"branches":{"total":24,"covered":8,"skipped":0,"pct":33.33}}
,"/Users/mischacolley/Sites/AIME/blueprint/src/lib/components/select/selectProps.ignore.js": {"lines":{"total":2,"covered":2,"skipped":0,"pct":100},"functions":{"total":1,"covered":0,"skipped":0,"pct":0},"statements":{"total":2,"covered":2,"skipped":0,"pct":100},"branches":{"total":0,"covered":0,"skipped":0,"pct":100}}
,"/Users/mischacolley/Sites/AIME/blueprint/src/lib/components/sideTrack/index.js": {"lines":{"total":1,"covered":0,"skipped":0,"pct":0},"functions":{"total":0,"covered":0,"skipped":0,"pct":100},"statements":{"total":1,"covered":0,"skipped":0,"pct":0},"branches":{"total":0,"covered":0,"skipped":0,"pct":100}}
,"/Users/mischacolley/Sites/AIME/blueprint/src/lib/components/sideTrack/sideTrack.js": {"lines":{"total":2,"covered":2,"skipped":0,"pct":100},"functions":{"total":1,"covered":1,"skipped":0,"pct":100},"statements":{"total":2,"covered":2,"skipped":0,"pct":100},"branches":{"total":0,"covered":0,"skipped":0,"pct":100}}
,"/Users/mischacolley/Sites/AIME/blueprint/src/lib/components/textbox/index.js": {"lines":{"total":1,"covered":0,"skipped":0,"pct":0},"functions":{"total":0,"covered":0,"skipped":0,"pct":100},"statements":{"total":1,"covered":0,"skipped":0,"pct":0},"branches":{"total":0,"covered":0,"skipped":0,"pct":100}}
,"/Users/mischacolley/Sites/AIME/blueprint/src/lib/components/textbox/textbox.js": {"lines":{"total":6,"covered":2,"skipped":0,"pct":33.33},"functions":{"total":3,"covered":1,"skipped":0,"pct":33.33},"statements":{"total":6,"covered":2,"skipped":0,"pct":33.33},"branches":{"total":4,"covered":2,"skipped":0,"pct":50}}
,"/Users/mischacolley/Sites/AIME/blueprint/src/lib/components/title/index.js": {"lines":{"total":1,"covered":0,"skipped":0,"pct":0},"functions":{"total":0,"covered":0,"skipped":0,"pct":100},"statements":{"total":1,"covered":0,"skipped":0,"pct":0},"branches":{"total":0,"covered":0,"skipped":0,"pct":100}}
,"/Users/mischacolley/Sites/AIME/blueprint/src/lib/components/title/title.js": {"lines":{"total":4,"covered":4,"skipped":0,"pct":100},"functions":{"total":1,"covered":1,"skipped":0,"pct":100},"statements":{"total":4,"covered":4,"skipped":0,"pct":100},"branches":{"total":0,"covered":0,"skipped":0,"pct":100}}
,"/Users/mischacolley/Sites/AIME/blueprint/src/lib/components/videoPlayer/index.js": {"lines":{"total":1,"covered":0,"skipped":0,"pct":0},"functions":{"total":0,"covered":0,"skipped":0,"pct":100},"statements":{"total":1,"covered":0,"skipped":0,"pct":0},"branches":{"total":0,"covered":0,"skipped":0,"pct":100}}
,"/Users/mischacolley/Sites/AIME/blueprint/src/lib/components/videoPlayer/videoPlayer.js": {"lines":{"total":2,"covered":2,"skipped":0,"pct":100},"functions":{"total":1,"covered":1,"skipped":0,"pct":100},"statements":{"total":2,"covered":2,"skipped":0,"pct":100},"branches":{"total":0,"covered":0,"skipped":0,"pct":100}}
,"/Users/mischacolley/Sites/AIME/blueprint/src/lib/components/videoPlayer/videoPlayerProps.ignore.js": {"lines":{"total":2,"covered":2,"skipped":0,"pct":100},"functions":{"total":12,"covered":0,"skipped":0,"pct":0},"statements":{"total":2,"covered":2,"skipped":0,"pct":100},"branches":{"total":0,"covered":0,"skipped":0,"pct":100}}
,"/Users/mischacolley/Sites/AIME/blueprint/src/lib/components/warningBlock/index.js": {"lines":{"total":1,"covered":0,"skipped":0,"pct":0},"functions":{"total":0,"covered":0,"skipped":0,"pct":100},"statements":{"total":1,"covered":0,"skipped":0,"pct":0},"branches":{"total":0,"covered":0,"skipped":0,"pct":100}}
,"/Users/mischacolley/Sites/AIME/blueprint/src/lib/components/warningBlock/warningBlock.js": {"lines":{"total":2,"covered":2,"skipped":0,"pct":100},"functions":{"total":1,"covered":1,"skipped":0,"pct":100},"statements":{"total":2,"covered":2,"skipped":0,"pct":100},"branches":{"total":0,"covered":0,"skipped":0,"pct":100}}
,"/Users/mischacolley/Sites/AIME/blueprint/src/lib/utils/componentPropTypes.ignore.js": {"lines":{"total":3,"covered":0,"skipped":0,"pct":0},"functions":{"total":0,"covered":0,"skipped":0,"pct":100},"statements":{"total":3,"covered":0,"skipped":0,"pct":0},"branches":{"total":0,"covered":0,"skipped":0,"pct":100}}
,"/Users/mischacolley/Sites/AIME/blueprint/src/lib/utils/componentPropTypes.js": {"lines":{"total":2,"covered":2,"skipped":0,"pct":100},"functions":{"total":0,"covered":0,"skipped":0,"pct":100},"statements":{"total":2,"covered":2,"skipped":0,"pct":100},"branches":{"total":0,"covered":0,"skipped":0,"pct":100}}
,"/Users/mischacolley/Sites/AIME/blueprint/src/lib/utils/helpers.js": {"lines":{"total":1,"covered":0,"skipped":0,"pct":0},"functions":{"total":1,"covered":0,"skipped":0,"pct":0},"statements":{"total":1,"covered":0,"skipped":0,"pct":0},"branches":{"total":4,"covered":0,"skipped":0,"pct":0}}
,"/Users/mischacolley/Sites/AIME/blueprint/src/lib/utils/index.js": {"lines":{"total":4,"covered":0,"skipped":0,"pct":0},"functions":{"total":0,"covered":0,"skipped":0,"pct":100},"statements":{"total":4,"covered":0,"skipped":0,"pct":0},"branches":{"total":0,"covered":0,"skipped":0,"pct":100}}
,"/Users/mischacolley/Sites/AIME/blueprint/src/lib/utils/airtableLoader/airtableLoader.js": {"lines":{"total":34,"covered":0,"skipped":0,"pct":0},"functions":{"total":14,"covered":0,"skipped":0,"pct":0},"statements":{"total":36,"covered":0,"skipped":0,"pct":0},"branches":{"total":18,"covered":0,"skipped":0,"pct":0}}
,"/Users/mischacolley/Sites/AIME/blueprint/src/lib/utils/airtableLoader/index.js": {"lines":{"total":1,"covered":0,"skipped":0,"pct":0},"functions":{"total":0,"covered":0,"skipped":0,"pct":100},"statements":{"total":1,"covered":0,"skipped":0,"pct":0},"branches":{"total":0,"covered":0,"skipped":0,"pct":100}}
,"/Users/mischacolley/Sites/AIME/blueprint/src/lib/utils/bugsnag/bugsnag.js": {"lines":{"total":9,"covered":0,"skipped":0,"pct":0},"functions":{"total":1,"covered":0,"skipped":0,"pct":0},"statements":{"total":9,"covered":0,"skipped":0,"pct":0},"branches":{"total":2,"covered":0,"skipped":0,"pct":0}}
,"/Users/mischacolley/Sites/AIME/blueprint/src/lib/utils/bugsnag/index.js": {"lines":{"total":1,"covered":0,"skipped":0,"pct":0},"functions":{"total":0,"covered":0,"skipped":0,"pct":100},"statements":{"total":1,"covered":0,"skipped":0,"pct":0},"branches":{"total":0,"covered":0,"skipped":0,"pct":100}}
,"/Users/mischacolley/Sites/AIME/blueprint/src/lib/utils/hocs/index.js": {"lines":{"total":0,"covered":0,"skipped":0,"pct":100},"functions":{"total":0,"covered":0,"skipped":0,"pct":100},"statements":{"total":0,"covered":0,"skipped":0,"pct":100},"branches":{"total":0,"covered":0,"skipped":0,"pct":100}}
,"/Users/mischacolley/Sites/AIME/blueprint/src/lib/utils/hocs/withValidation.js": {"lines":{"total":14,"covered":8,"skipped":0,"pct":57.14},"functions":{"total":8,"covered":6,"skipped":0,"pct":75},"statements":{"total":14,"covered":8,"skipped":0,"pct":57.14},"branches":{"total":11,"covered":2,"skipped":0,"pct":18.18}}
,"/Users/mischacolley/Sites/AIME/blueprint/src/lib/utils/localStorage/index.js": {"lines":{"total":0,"covered":0,"skipped":0,"pct":100},"functions":{"total":0,"covered":0,"skipped":0,"pct":100},"statements":{"total":0,"covered":0,"skipped":0,"pct":100},"branches":{"total":0,"covered":0,"skipped":0,"pct":100}}
,"/Users/mischacolley/Sites/AIME/blueprint/src/lib/utils/localStorage/localStorage.js": {"lines":{"total":10,"covered":7,"skipped":0,"pct":70},"functions":{"total":2,"covered":2,"skipped":0,"pct":100},"statements":{"total":10,"covered":7,"skipped":0,"pct":70},"branches":{"total":6,"covered":4,"skipped":0,"pct":66.67}}
,"/Users/mischacolley/Sites/AIME/blueprint/src/lib/utils/request/index.js": {"lines":{"total":1,"covered":0,"skipped":0,"pct":0},"functions":{"total":0,"covered":0,"skipped":0,"pct":100},"statements":{"total":1,"covered":0,"skipped":0,"pct":0},"branches":{"total":0,"covered":0,"skipped":0,"pct":100}}
,"/Users/mischacolley/Sites/AIME/blueprint/src/lib/utils/request/request.js": {"lines":{"total":16,"covered":0,"skipped":0,"pct":0},"functions":{"total":3,"covered":0,"skipped":0,"pct":0},"statements":{"total":16,"covered":0,"skipped":0,"pct":0},"branches":{"total":12,"covered":0,"skipped":0,"pct":0}}
,"/Users/mischacolley/Sites/AIME/blueprint/src/lib/utils/validation/index.js": {"lines":{"total":0,"covered":0,"skipped":0,"pct":100},"functions":{"total":0,"covered":0,"skipped":0,"pct":100},"statements":{"total":0,"covered":0,"skipped":0,"pct":100},"branches":{"total":0,"covered":0,"skipped":0,"pct":100}}
,"/Users/mischacolley/Sites/AIME/blueprint/src/lib/utils/validation/validation.js": {"lines":{"total":39,"covered":13,"skipped":0,"pct":33.33},"functions":{"total":16,"covered":0,"skipped":0,"pct":0},"statements":{"total":44,"covered":13,"skipped":0,"pct":29.55},"branches":{"total":44,"covered":0,"skipped":0,"pct":0}}
}
