TN:
SF:/Users/dpaley/workspace/blueprint/src/index.js
FN:11,(anonymous_0)
FN:34,(anonymous_1)
FN:40,(anonymous_2)
FN:50,(anonymous_3)
FN:71,(anonymous_4)
FN:83,(anonymous_5)
FN:91,(anonymous_6)
FN:99,(anonymous_7)
FN:107,(anonymous_8)
FN:115,(anonymous_9)
FN:124,(anonymous_10)
FN:139,(anonymous_11)
FN:149,(anonymous_12)
FN:158,(anonymous_13)
FN:165,(anonymous_14)
FN:171,(anonymous_15)
FN:175,(anonymous_16)
FN:180,(anonymous_17)
FN:187,(anonymous_18)
FN:198,(anonymous_19)
FNF:20
FNH:0
FNDA:0,(anonymous_0)
FNDA:0,(anonymous_1)
FNDA:0,(anonymous_2)
FNDA:0,(anonymous_3)
FNDA:0,(anonymous_4)
FNDA:0,(anonymous_5)
FNDA:0,(anonymous_6)
FNDA:0,(anonymous_7)
FNDA:0,(anonymous_8)
FNDA:0,(anonymous_9)
FNDA:0,(anonymous_10)
FNDA:0,(anonymous_11)
FNDA:0,(anonymous_12)
FNDA:0,(anonymous_13)
FNDA:0,(anonymous_14)
FNDA:0,(anonymous_15)
FNDA:0,(anonymous_16)
FNDA:0,(anonymous_17)
FNDA:0,(anonymous_18)
FNDA:0,(anonymous_19)
DA:1,0
DA:2,0
DA:3,0
DA:10,0
DA:11,0
DA:35,0
DA:36,0
DA:37,0
DA:41,0
DA:42,0
DA:51,0
DA:72,0
DA:74,0
DA:83,0
DA:91,0
DA:99,0
DA:107,0
DA:115,0
DA:124,0
DA:149,0
DA:159,0
DA:160,0
DA:165,0
DA:172,0
DA:181,0
DA:182,0
DA:187,0
DA:199,0
DA:210,0
LF:29
LH:0
BRDA:36,0,0,0
BRDA:36,0,1,0
BRF:2
BRH:0
end_of_record
TN:
SF:/Users/dpaley/workspace/blueprint/src/lib/index.js
FNF:0
FNH:0
DA:1,0
DA:2,0
LF:2
LH:0
BRF:0
BRH:0
end_of_record
TN:
SF:/Users/dpaley/workspace/blueprint/src/lib/components/index.js
FNF:0
FNH:0
DA:1,0
DA:3,0
DA:4,0
DA:5,0
DA:6,0
DA:7,0
DA:8,0
DA:9,0
DA:10,0
DA:11,0
DA:12,0
DA:13,0
DA:14,0
DA:15,0
LF:14
LH:0
BRF:0
BRH:0
end_of_record
TN:
SF:/Users/dpaley/workspace/blueprint/src/lib/components/avatar/avatar.js
FN:22,(anonymous_0)
FN:33,(anonymous_1)
FNF:2
FNH:2
FNDA:1,(anonymous_0)
FNDA:2,(anonymous_1)
DA:23,1
DA:27,1
DA:34,2
DA:35,2
LF:4
LH:4
BRDA:27,0,0,1
BRDA:27,0,1,0
BRDA:38,1,0,1
BRDA:38,1,1,1
BRDA:38,2,0,2
BRDA:38,2,1,1
BRDA:38,2,2,1
BRF:7
BRH:6
end_of_record
TN:
SF:/Users/dpaley/workspace/blueprint/src/lib/components/avatar/index.js
FNF:0
FNH:0
DA:1,0
LF:1
LH:0
BRF:0
BRH:0
end_of_record
TN:
SF:/Users/dpaley/workspace/blueprint/src/lib/components/button/button.js
FN:19,(anonymous_0)
FN:25,(anonymous_1)
FNF:2
FNH:1
FNDA:0,(anonymous_0)
FNDA:2,(anonymous_1)
DA:36,2
DA:38,2
LF:2
LH:2
BRDA:41,0,0,1
BRDA:41,0,1,1
BRDA:41,1,0,2
BRDA:41,1,1,1
BRDA:55,2,0,1
BRDA:55,2,1,0
BRF:6
BRH:5
end_of_record
TN:
SF:/Users/dpaley/workspace/blueprint/src/lib/components/button/index.js
FNF:0
FNH:0
DA:1,0
LF:1
LH:0
BRF:0
BRH:0
end_of_record
TN:
SF:/Users/dpaley/workspace/blueprint/src/lib/components/checkbox/checkbox.js
FN:24,(anonymous_0)
FN:29,(anonymous_1)
FN:36,(anonymous_2)
FNF:3
FNH:1
FNDA:0,(anonymous_0)
FNDA:0,(anonymous_1)
FNDA:1,(anonymous_2)
DA:30,0
DA:31,0
DA:32,0
DA:33,0
DA:46,1
DA:48,1
LF:6
LH:2
BRDA:61,0,0,1
BRDA:61,0,1,0
BRF:2
BRH:1
end_of_record
TN:
SF:/Users/dpaley/workspace/blueprint/src/lib/components/checkbox/index.js
FNF:0
FNH:0
DA:1,0
LF:1
LH:0
BRF:0
BRH:0
end_of_record
TN:
SF:/Users/dpaley/workspace/blueprint/src/lib/components/countrySelector/countryCollection.ignore.js
FNF:0
FNH:0
LF:0
LH:0
BRF:0
BRH:0
end_of_record
TN:
SF:/Users/dpaley/workspace/blueprint/src/lib/components/countrySelector/countrySelector.js
FN:19,(anonymous_0)
FN:28,(anonymous_1)
FN:37,(anonymous_2)
FN:45,(anonymous_3)
FN:49,(anonymous_4)
FN:55,(anonymous_5)
FN:59,(anonymous_6)
FNF:7
FNH:3
FNDA:0,(anonymous_0)
FNDA:1,(anonymous_1)
FNDA:249,(anonymous_2)
FNDA:0,(anonymous_3)
FNDA:0,(anonymous_4)
FNDA:2,(anonymous_5)
FNDA:0,(anonymous_6)
DA:29,1
DA:30,1
DA:37,249
DA:46,0
DA:47,0
DA:48,0
DA:49,0
DA:51,0
DA:56,2
DA:57,2
DA:58,2
DA:59,2
DA:61,2
LF:13
LH:8
BRDA:47,0,0,0
BRDA:47,0,1,0
BRDA:48,1,0,0
BRDA:48,1,1,0
BRDA:59,2,0,2
BRDA:59,2,1,0
BRDA:59,3,0,2
BRDA:59,3,1,0
BRF:8
BRH:2
end_of_record
TN:
SF:/Users/dpaley/workspace/blueprint/src/lib/components/countrySelector/index.js
FNF:0
FNH:0
DA:1,0
LF:1
LH:0
BRF:0
BRH:0
end_of_record
TN:
SF:/Users/dpaley/workspace/blueprint/src/lib/components/input/index.js
FNF:0
FNH:0
DA:1,0
LF:1
LH:0
BRF:0
BRH:0
end_of_record
TN:
SF:/Users/dpaley/workspace/blueprint/src/lib/components/input/input.js
FN:30,(anonymous_0)
FN:33,(anonymous_1)
FN:33,(anonymous_2)
FN:41,(anonymous_3)
FNF:4
FNH:2
FNDA:0,(anonymous_0)
FNDA:1,(anonymous_1)
FNDA:0,(anonymous_2)
FNDA:1,(anonymous_3)
DA:33,1
DA:34,0
DA:35,0
DA:36,0
DA:37,0
DA:38,0
DA:54,1
DA:56,1
LF:8
LH:3
BRDA:35,0,0,0
BRDA:35,0,1,0
BRDA:60,1,0,1
BRDA:60,1,1,0
BRDA:66,2,0,1
BRDA:66,2,1,0
BRF:6
BRH:2
end_of_record
TN:
SF:/Users/dpaley/workspace/blueprint/src/lib/components/loading/index.js
FNF:0
FNH:0
DA:1,0
LF:1
LH:0
BRF:0
BRH:0
end_of_record
TN:
SF:/Users/dpaley/workspace/blueprint/src/lib/components/loading/loading.js
FN:17,(anonymous_0)
FNF:1
FNH:1
FNDA:2,(anonymous_0)
DA:18,2
DA:20,2
DA:21,1
DA:36,1
LF:4
LH:4
BRDA:20,0,0,1
BRDA:20,0,1,1
BRF:2
BRH:2
end_of_record
TN:
SF:/Users/dpaley/workspace/blueprint/src/lib/components/phoneInput/index.js
FNF:0
FNH:0
DA:1,0
LF:1
LH:0
BRF:0
BRH:0
end_of_record
TN:
SF:/Users/dpaley/workspace/blueprint/src/lib/components/phoneInput/phoneInput.js
FN:28,(anonymous_0)
FN:29,(anonymous_1)
FN:32,(anonymous_2)
FN:36,(anonymous_3)
FN:41,(anonymous_4)
FNF:5
FNH:2
FNDA:0,(anonymous_0)
FNDA:0,(anonymous_1)
FNDA:1,(anonymous_2)
FNDA:0,(anonymous_3)
FNDA:1,(anonymous_4)
DA:33,1
DA:37,0
DA:38,0
DA:52,1
DA:54,1
LF:5
LH:3
BRF:0
BRH:0
end_of_record
TN:
SF:/Users/dpaley/workspace/blueprint/src/lib/components/radioButton/index.js
FNF:0
FNH:0
DA:1,0
LF:1
LH:0
BRF:0
BRH:0
end_of_record
TN:
SF:/Users/dpaley/workspace/blueprint/src/lib/components/radioButton/radioButton.js
FN:21,(anonymous_0)
FN:28,(anonymous_1)
FN:33,(anonymous_2)
FN:43,(anonymous_3)
FNF:4
FNH:2
FNDA:0,(anonymous_0)
FNDA:0,(anonymous_1)
FNDA:1,(anonymous_2)
FNDA:2,(anonymous_3)
DA:29,0
DA:30,0
DA:39,1
DA:41,1
DA:44,2
LF:5
LH:3
BRF:0
BRH:0
end_of_record
TN:
SF:/Users/dpaley/workspace/blueprint/src/lib/components/select/index.js
FNF:0
FNH:0
LF:0
LH:0
BRF:0
BRH:0
end_of_record
TN:
SF:/Users/dpaley/workspace/blueprint/src/lib/components/select/select.js
FN:24,(anonymous_0)
FN:27,(anonymous_1)
FN:33,(anonymous_2)
FN:60,(anonymous_3)
FN:76,(anonymous_4)
FN:81,(anonymous_5)
FN:85,(anonymous_6)
FN:92,(anonymous_7)
FN:101,(anonymous_8)
FN:103,(anonymous_9)
FN:122,(anonymous_10)
FNF:11
FNH:4
FNDA:0,(anonymous_0)
FNDA:0,(anonymous_1)
FNDA:3,(anonymous_2)
FNDA:3,(anonymous_3)
FNDA:3,(anonymous_4)
FNDA:0,(anonymous_5)
FNDA:0,(anonymous_6)
FNDA:0,(anonymous_7)
FNDA:0,(anonymous_8)
FNDA:0,(anonymous_9)
FNDA:256,(anonymous_10)
DA:25,0
DA:26,0
DA:27,0
DA:28,0
DA:29,0
DA:52,3
DA:53,3
DA:55,3
DA:56,0
DA:59,3
DA:60,3
DA:76,3
DA:81,0
DA:85,0
DA:92,0
DA:99,3
DA:100,0
DA:101,0
DA:103,3
DA:106,3
DA:122,256
LF:21
LH:10
BRDA:26,0,0,0
BRDA:26,0,1,0
BRDA:27,1,0,0
BRDA:27,1,1,0
BRDA:55,2,0,0
BRDA:55,2,1,3
BRDA:63,3,0,0
BRDA:63,3,1,3
BRDA:64,4,0,0
BRDA:64,4,1,3
BRDA:67,5,0,0
BRDA:67,5,1,3
BRDA:71,6,0,0
BRDA:71,6,1,3
BRDA:99,7,0,0
BRDA:99,7,1,3
BRDA:101,8,0,0
BRDA:101,8,1,0
BRDA:101,9,0,0
BRDA:101,9,1,0
BRDA:103,10,0,0
BRDA:103,10,1,3
BRDA:113,11,0,3
BRDA:113,11,1,0
BRF:24
BRH:8
end_of_record
TN:
SF:/Users/dpaley/workspace/blueprint/src/lib/components/select/selectProps.ignore.js
FN:38,(anonymous_0)
FNF:1
FNH:0
FNDA:0,(anonymous_0)
DA:3,2
DA:37,2
LF:2
LH:2
BRF:0
BRH:0
end_of_record
TN:
SF:/Users/dpaley/workspace/blueprint/src/lib/components/sideTrack/index.js
FNF:0
FNH:0
DA:1,0
LF:1
LH:0
BRF:0
BRH:0
end_of_record
TN:
SF:/Users/dpaley/workspace/blueprint/src/lib/components/sideTrack/sideTrack.js
FN:27,(anonymous_0)
FNF:1
FNH:1
FNDA:1,(anonymous_0)
DA:28,1
DA:29,1
LF:2
LH:2
BRF:0
BRH:0
end_of_record
TN:
SF:/Users/dpaley/workspace/blueprint/src/lib/components/textbox/index.js
FNF:0
FNH:0
DA:1,0
LF:1
LH:0
BRF:0
BRH:0
end_of_record
TN:
SF:/Users/dpaley/workspace/blueprint/src/lib/components/textbox/textbox.js
FN:25,(anonymous_0)
FN:29,(anonymous_1)
FN:36,(anonymous_2)
FNF:3
FNH:1
FNDA:0,(anonymous_0)
FNDA:0,(anonymous_1)
FNDA:1,(anonymous_2)
DA:30,0
DA:31,0
DA:32,0
DA:33,0
DA:47,1
DA:49,1
LF:6
LH:2
BRDA:52,0,0,1
BRDA:52,0,1,0
BRDA:58,1,0,1
BRDA:58,1,1,0
BRF:4
BRH:2
end_of_record
TN:
SF:/Users/dpaley/workspace/blueprint/src/lib/components/title/index.js
FNF:0
FNH:0
DA:1,0
LF:1
LH:0
BRF:0
BRH:0
end_of_record
TN:
SF:/Users/dpaley/workspace/blueprint/src/lib/components/title/title.js
FN:24,(anonymous_0)
FNF:1
FNH:1
FNDA:1,(anonymous_0)
DA:6,1
DA:25,1
DA:26,1
DA:27,1
LF:4
LH:4
BRF:0
BRH:0
end_of_record
TN:
SF:/Users/dpaley/workspace/blueprint/src/lib/components/videoPlayer/index.js
FNF:0
FNH:0
DA:1,0
LF:1
LH:0
BRF:0
BRH:0
end_of_record
TN:
SF:/Users/dpaley/workspace/blueprint/src/lib/components/videoPlayer/videoPlayer.js
FN:18,(anonymous_0)
FNF:1
FNH:1
FNDA:1,(anonymous_0)
DA:19,1
DA:21,1
LF:2
LH:2
BRF:0
BRH:0
end_of_record
TN:
SF:/Users/dpaley/workspace/blueprint/src/lib/components/videoPlayer/videoPlayerProps.ignore.js
FN:164,(anonymous_0)
FN:165,(anonymous_1)
FN:166,(anonymous_2)
FN:167,(anonymous_3)
FN:168,(anonymous_4)
FN:169,(anonymous_5)
FN:170,(anonymous_6)
FN:171,(anonymous_7)
FN:172,(anonymous_8)
FN:173,(anonymous_9)
FN:174,(anonymous_10)
FN:175,(anonymous_11)
FNF:12
FNH:0
FNDA:0,(anonymous_0)
FNDA:0,(anonymous_1)
FNDA:0,(anonymous_2)
FNDA:0,(anonymous_3)
FNDA:0,(anonymous_4)
FNDA:0,(anonymous_5)
FNDA:0,(anonymous_6)
FNDA:0,(anonymous_7)
FNDA:0,(anonymous_8)
FNDA:0,(anonymous_9)
FNDA:0,(anonymous_10)
FNDA:0,(anonymous_11)
DA:3,1
DA:83,1
LF:2
LH:2
BRF:0
BRH:0
end_of_record
TN:
SF:/Users/dpaley/workspace/blueprint/src/lib/components/warningBlock/index.js
FNF:0
FNH:0
DA:1,0
LF:1
LH:0
BRF:0
BRH:0
end_of_record
TN:
SF:/Users/dpaley/workspace/blueprint/src/lib/components/warningBlock/warningBlock.js
FN:16,(anonymous_0)
FNF:1
FNH:1
FNDA:1,(anonymous_0)
DA:17,1
DA:18,1
LF:2
LH:2
BRF:0
BRH:0
end_of_record
TN:
SF:/Users/dpaley/workspace/blueprint/src/lib/utils/componentPropTypes.ignore.js
FNF:0
FNH:0
DA:1,0
DA:3,0
DA:9,0
LF:3
LH:0
BRF:0
BRH:0
end_of_record
TN:
SF:/Users/dpaley/workspace/blueprint/src/lib/utils/componentPropTypes.js
FNF:0
FNH:0
DA:3,13
DA:9,13
LF:2
LH:2
BRF:0
BRH:0
end_of_record
TN:
SF:/Users/dpaley/workspace/blueprint/src/lib/utils/helpers.js
FN:1,capitalize
FNF:1
FNH:0
FNDA:0,capitalize
DA:2,0
LF:1
LH:0
BRDA:2,0,0,0
BRDA:2,0,1,0
BRDA:2,1,0,0
BRDA:2,1,1,0
BRF:4
BRH:0
end_of_record
TN:
SF:/Users/dpaley/workspace/blueprint/src/lib/utils/index.js
FNF:0
FNH:0
DA:1,0
DA:2,0
DA:3,0
DA:5,0
LF:4
LH:0
BRF:0
BRH:0
end_of_record
TN:
SF:/Users/dpaley/workspace/blueprint/src/lib/utils/airtableLoader/airtableLoader.js
FN:5,airtableFetchRecords
FN:19,(anonymous_1)
FN:23,(anonymous_2)
FN:24,(anonymous_3)
FN:29,(anonymous_4)
FN:40,loadList
FN:43,(anonymous_6)
FN:44,(anonymous_7)
FN:49,createRecord
FN:55,(anonymous_9)
FN:56,(anonymous_10)
FN:65,updateRecord
FN:71,(anonymous_12)
FN:72,(anonymous_13)
FNF:14
FNH:0
FNDA:0,airtableFetchRecords
FNDA:0,(anonymous_1)
FNDA:0,(anonymous_2)
FNDA:0,(anonymous_3)
FNDA:0,(anonymous_4)
FNDA:0,loadList
FNDA:0,(anonymous_6)
FNDA:0,(anonymous_7)
FNDA:0,createRecord
FNDA:0,(anonymous_9)
FNDA:0,(anonymous_10)
FNDA:0,updateRecord
FNDA:0,(anonymous_12)
FNDA:0,(anonymous_13)
DA:1,0
DA:3,0
DA:6,0
DA:10,0
DA:11,0
DA:12,0
DA:16,0
DA:17,0
DA:19,0
DA:20,0
DA:24,0
DA:25,0
DA:27,0
DA:30,0
DA:31,0
DA:33,0
DA:42,0
DA:43,0
DA:44,0
DA:46,0
DA:50,0
DA:54,0
DA:55,0
DA:56,0
DA:57,0
DA:58,0
DA:60,0
DA:66,0
DA:70,0
DA:71,0
DA:72,0
DA:73,0
DA:74,0
DA:76,0
LF:34
LH:0
BRDA:5,0,0,0
BRDA:5,1,0,0
BRDA:16,2,0,0
BRDA:16,2,1,0
BRDA:17,3,0,0
BRDA:17,3,1,0
BRDA:30,4,0,0
BRDA:30,4,1,0
BRDA:40,5,0,0
BRDA:40,6,0,0
BRDA:43,7,0,0
BRDA:43,7,1,0
BRDA:42,8,0,0
BRDA:42,8,1,0
BRDA:57,9,0,0
BRDA:57,9,1,0
BRDA:73,10,0,0
BRDA:73,10,1,0
BRF:18
BRH:0
end_of_record
TN:
SF:/Users/dpaley/workspace/blueprint/src/lib/utils/airtableLoader/index.js
FNF:0
FNH:0
DA:1,0
LF:1
LH:0
BRF:0
BRH:0
end_of_record
TN:
SF:/Users/dpaley/workspace/blueprint/src/lib/utils/bugsnag/bugsnag.js
FN:7,createBugsnagClient
FNF:1
FNH:0
FNDA:0,createBugsnagClient
DA:1,0
DA:2,0
DA:3,0
DA:5,0
DA:8,0
DA:9,0
DA:10,0
DA:15,0
DA:17,0
LF:9
LH:0
BRDA:9,0,0,0
BRDA:9,0,1,0
BRF:2
BRH:0
end_of_record
TN:
SF:/Users/dpaley/workspace/blueprint/src/lib/utils/bugsnag/index.js
FNF:0
FNH:0
DA:1,0
LF:1
LH:0
BRF:0
BRH:0
end_of_record
TN:
SF:/Users/dpaley/workspace/blueprint/src/lib/utils/hocs/index.js
FNF:0
FNH:0
LF:0
LH:0
BRF:0
BRH:0
end_of_record
TN:
SF:/Users/dpaley/workspace/blueprint/src/lib/utils/hocs/withValidation.js
FN:6,withValidation
FN:20,(anonymous_1)
FN:28,(anonymous_2)
FN:40,(anonymous_3)
FN:51,(anonymous_4)
FN:53,(anonymous_5)
FN:55,(anonymous_6)
FN:60,(anonymous_7)
FNF:8
FNH:6
FNDA:5,withValidation
FNDA:5,(anonymous_1)
FNDA:6,(anonymous_2)
FNDA:0,(anonymous_3)
FNDA:0,(anonymous_4)
FNDA:12,(anonymous_5)
FNDA:6,(anonymous_6)
FNDA:6,(anonymous_7)
DA:7,5
DA:21,5
DA:22,5
DA:29,6
DA:30,0
DA:37,6
DA:41,0
DA:42,0
DA:44,0
DA:48,0
DA:51,0
DA:53,12
DA:56,6
DA:61,6
LF:14
LH:8
BRDA:29,0,0,0
BRDA:29,0,1,6
BRDA:32,1,0,0
BRDA:32,1,1,0
BRDA:45,2,0,0
BRDA:45,2,1,0
BRDA:45,2,2,0
BRDA:48,3,0,0
BRDA:48,3,1,0
BRDA:56,4,0,6
BRDA:56,4,1,0
BRF:11
BRH:2
end_of_record
TN:
SF:/Users/dpaley/workspace/blueprint/src/lib/utils/localStorage/index.js
FNF:0
FNH:0
LF:0
LH:0
BRF:0
BRH:0
end_of_record
TN:
SF:/Users/dpaley/workspace/blueprint/src/lib/utils/localStorage/localStorage.js
FN:8,setOnStorage
FN:27,getFromStorage
FNF:2
FNH:2
FNDA:6,setOnStorage
FNDA:3,getFromStorage
DA:1,1
DA:9,6
DA:10,6
DA:18,0
DA:28,3
DA:29,3
DA:30,3
DA:31,3
DA:33,0
DA:36,0
LF:10
LH:7
BRDA:9,0,0,6
BRDA:9,0,1,0
BRDA:29,1,0,3
BRDA:29,1,1,0
BRDA:31,2,0,3
BRDA:31,2,1,2
BRF:6
BRH:4
end_of_record
TN:
SF:/Users/dpaley/workspace/blueprint/src/lib/utils/request/index.js
FNF:0
FNH:0
DA:1,0
LF:1
LH:0
BRF:0
BRH:0
end_of_record
TN:
SF:/Users/dpaley/workspace/blueprint/src/lib/utils/request/request.js
FN:4,checkStatus
FN:21,request
FN:39,(anonymous_2)
FNF:3
FNH:0
FNDA:0,checkStatus
FNDA:0,request
FNDA:0,(anonymous_2)
DA:1,0
DA:2,0
DA:5,0
DA:6,0
DA:8,0
DA:9,0
DA:10,0
DA:22,0
DA:24,0
DA:25,0
DA:30,0
DA:31,0
DA:32,0
DA:34,0
DA:37,0
DA:40,0
LF:16
LH:0
BRDA:5,0,0,0
BRDA:5,0,1,0
BRDA:5,1,0,0
BRDA:5,1,1,0
BRDA:24,2,0,0
BRDA:24,2,1,0
BRDA:24,3,0,0
BRDA:24,3,1,0
BRDA:30,4,0,0
BRDA:30,4,1,0
BRDA:40,5,0,0
BRDA:40,5,1,0
BRF:12
BRH:0
end_of_record
TN:
SF:/Users/dpaley/workspace/blueprint/src/lib/utils/validation/index.js
FNF:0
FNH:0
LF:0
LH:0
BRF:0
BRH:0
end_of_record
TN:
SF:/Users/dpaley/workspace/blueprint/src/lib/utils/validation/validation.js
FN:13,(anonymous_0)
FN:16,(anonymous_1)
FN:19,(anonymous_2)
FN:24,(anonymous_3)
FN:29,(anonymous_4)
FN:32,(anonymous_5)
FN:35,(anonymous_6)
FN:35,(anonymous_7)
FN:39,(anonymous_8)
FN:39,(anonymous_9)
FN:43,(anonymous_10)
FN:43,(anonymous_11)
FN:47,(anonymous_12)
FN:47,(anonymous_13)
FN:51,(anonymous_14)
FN:62,(anonymous_15)
FNF:16
FNH:0
FNDA:0,(anonymous_0)
FNDA:0,(anonymous_1)
FNDA:0,(anonymous_2)
FNDA:0,(anonymous_3)
FNDA:0,(anonymous_4)
FNDA:0,(anonymous_5)
FNDA:0,(anonymous_6)
FNDA:0,(anonymous_7)
FNDA:0,(anonymous_8)
FNDA:0,(anonymous_9)
FNDA:0,(anonymous_10)
FNDA:0,(anonymous_11)
FNDA:0,(anonymous_12)
FNDA:0,(anonymous_13)
FNDA:0,(anonymous_14)
FNDA:0,(anonymous_15)
DA:5,5
DA:13,5
DA:14,0
DA:16,5
DA:17,0
DA:19,5
DA:20,0
DA:24,5
DA:25,0
DA:29,5
DA:30,0
DA:32,5
DA:33,0
DA:35,5
DA:36,0
DA:39,5
DA:40,0
DA:43,5
DA:44,0
DA:47,5
DA:48,0
DA:51,5
DA:52,0
DA:53,0
DA:54,0
DA:55,0
DA:56,0
DA:59,0
DA:62,5
DA:63,0
DA:64,0
DA:65,0
DA:66,0
DA:67,0
DA:68,0
DA:70,0
DA:71,0
DA:72,0
DA:76,0
LF:39
LH:13
BRDA:14,0,0,0
BRDA:14,0,1,0
BRDA:14,1,0,0
BRDA:14,1,1,0
BRDA:14,1,2,0
BRDA:14,1,3,0
BRDA:17,2,0,0
BRDA:17,2,1,0
BRDA:20,3,0,0
BRDA:20,3,1,0
BRDA:25,4,0,0
BRDA:25,4,1,0
BRDA:25,5,0,0
BRDA:25,5,1,0
BRDA:30,6,0,0
BRDA:30,6,1,0
BRDA:33,7,0,0
BRDA:33,7,1,0
BRDA:36,8,0,0
BRDA:36,8,1,0
BRDA:36,9,0,0
BRDA:36,9,1,0
BRDA:40,10,0,0
BRDA:40,10,1,0
BRDA:40,11,0,0
BRDA:40,11,1,0
BRDA:44,12,0,0
BRDA:44,12,1,0
BRDA:44,13,0,0
BRDA:44,13,1,0
BRDA:48,14,0,0
BRDA:48,14,1,0
BRDA:48,15,0,0
BRDA:48,15,1,0
BRDA:53,16,0,0
BRDA:53,16,1,0
BRDA:56,17,0,0
BRDA:56,17,1,0
BRDA:67,18,0,0
BRDA:67,18,1,0
BRDA:67,19,0,0
BRDA:67,19,1,0
BRDA:70,20,0,0
BRDA:70,20,1,0
BRF:44
BRH:0
end_of_record
